<?xml version="1.0" encoding="UTF-8"?>
<testsuite xmlns:xsi="http://www.w3.org/2001/XMLSchema-instance" xsi:noNamespaceSchemaLocation="https://maven.apache.org/surefire/maven-surefire-plugin/xsd/surefire-test-report.xsd" version="3.0.2" name="TestSuite" time="141.118" tests="8" errors="0" skipped="2" failures="0">
  <properties>
[...]
</properties>
  <testcase name="runScenario[&quot;Extracting data from Nse&quot;, &quot;Validation For Most Active Futures Contracts Data in NSE&quot;](1)" classname="testRunner.TestRunner" time="0.0">
    <skipped message="Expected condition failed: waiting for visibility of all elements located by By.xpath: //table[@id=&apos;MACEquityTable&apos;]//tbody//following::tr//td[text()=&apos;Stock Futures&apos;]//parent::tr (tried for 10 second(s) with 500 milliseconds interval)&#10;Build info: version: &apos;4.32.0&apos;, revision: &apos;d17c8aa950&apos;&#10;System info: os.name: &apos;Windows 11&apos;, os.arch: &apos;amd64&apos;, os.version: &apos;10.0&apos;, java.version: &apos;24.0.1&apos;&#10;Driver info: org.openqa.selenium.firefox.FirefoxDriver&#10;Capabilities {acceptInsecureCerts: true, browserName: firefox, browserVersion: 142.0.1, moz:accessibilityChecks: false, moz:buildID: 20250827004350, moz:geckodriverVersion: 0.36.0, moz:headless: true, moz:platformVersion: 10.0, moz:processID: 22504, moz:profile: C:\Users\PRAVEP~1.000\AppDa..., moz:shutdownTimeout: 60000, moz:webdriverClick: true, moz:windowless: false, pageLoadStrategy: normal, platformName: windows, proxy: Proxy(), setWindowRect: true, strictFileInteractability: false, timeouts: {implicit: 0, pageLoad: 300000, script: 30000}, unhandledPromptBehavior: dismiss and notify, userAgent: Mozilla/5.0 (Windows NT 10....}&#10;Session ID: ead15472-f13d-4a9e-8ea3-efeb6e0c25ab"/>
    <system-out><![CDATA[[MYLOG]🔄 Cleared test data storage before execution.

Scenario: Extracting data from Nse                  # file:///C:/Users/prave.PRAVEENREDDY.000/eclipse-workspace/TradingStocks/src/test/java/Features/ActiveFutureContracts.feature:2
  ✔ Given Enter The Application Url                 # stepDefinitions.ActiveFutureContractStepDefinition.enter_the_application_url()
Inside When Step >>> Calling Data Method
[MYLOG] :  &amp#27;[31m************************[   MOST ACTIVE FUTURE CONTRACTS   ]*********************&amp#27;[0m
  ✘ When Click On Most Active Futures Contract Data # stepDefinitions.ActiveFutureContractStepDefinition.click_on_most_active_futures_contract_data()
        org.openqa.selenium.TimeoutException: Expected condition failed: waiting for visibility of all elements located by By.xpath: //table[@id='MACEquityTable']//tbody//following::tr//td[text()='Stock Futures']//parent::tr (tried for 10 second(s) with 500 milliseconds interval)
        Build info: version: '4.32.0', revision: 'd17c8aa950'
        System info: os.name: 'Windows 11', os.arch: 'amd64', os.version: '10.0', java.version: '24.0.1'
        Driver info: org.openqa.selenium.firefox.FirefoxDriver
        Capabilities {acceptInsecureCerts: true, browserName: firefox, browserVersion: 142.0.1, moz:accessibilityChecks: false, moz:buildID: 20250827004350, moz:geckodriverVersion: 0.36.0, moz:headless: true, moz:platformVersion: 10.0, moz:processID: 22504, moz:profile: C:\Users\PRAVEP~1.000\AppDa..., moz:shutdownTimeout: 60000, moz:webdriverClick: true, moz:windowless: false, pageLoadStrategy: normal, platformName: windows, proxy: Proxy(), setWindowRect: true, strictFileInteractability: false, timeouts: {implicit: 0, pageLoad: 300000, script: 30000}, unhandledPromptBehavior: dismiss and notify, userAgent: Mozilla/5.0 (Windows NT 10....}
        Session ID: ead15472-f13d-4a9e-8ea3-efeb6e0c25ab
        	at org.openqa.selenium.support.ui.WebDriverWait.timeoutException(WebDriverWait.java:84)
        	at org.openqa.selenium.support.ui.FluentWait.until(FluentWait.java:228)
        	at pageObjects.FutureContracts.dataOfMostActiveFutureContract(FutureContracts.java:53)
        	at stepDefinitions.ActiveFutureContractStepDefinition.click_on_most_active_futures_contract_data(ActiveFutureContractStepDefinition.java:24)
        	at ✽.Click On Most Active Futures Contract Data(file:///C:/Users/prave.PRAVEENREDDY.000/eclipse-workspace/TradingStocks/src/test/java/Features/ActiveFutureContracts.feature:4)
Retrying test runScenario for the 1 time(s).
]]></system-out>
  </testcase>
  <testcase name="runScenario[&quot;Extracting data from Nse&quot;, &quot;Validation For Most Active Futures Contracts Data in NSE&quot;](2)" classname="testRunner.TestRunner" time="13.705">
    <system-out><![CDATA[
Scenario: Extracting data from Nse                  # file:///C:/Users/prave.PRAVEENREDDY.000/eclipse-workspace/TradingStocks/src/test/java/Features/ActiveFutureContracts.feature:2
  ✔ Given Enter The Application Url                 # stepDefinitions.ActiveFutureContractStepDefinition.enter_the_application_url()
Inside When Step >>> Calling Data Method
[MYLOG] :  &amp#27;[31m************************[   MOST ACTIVE FUTURE CONTRACTS   ]*********************&amp#27;[0m
[MYLOG] :  INFY
[MYLOG] :  AXISBANK
[MYLOG] :  HAL
[MYLOG] :  TATAMOTORS
[MYLOG] :  BSE
[MYLOG] :  MAZDOCK
[MYLOG] :  M&M
[MYLOG] :  GAIL
[MYLOG] :  MARUTI
[MYLOG] :  IDEA
[MYLOG] :  TCS
[MYLOG] :  VEDL
[MYLOG] :  RELIANCE
[MYLOG] :  BEL
[MYLOG] :  INDUSTOWER
[MYLOG] :  MOTHERSON
[MYLOG] :  LODHA
[MYLOG] :  BAJFINANCE
[MYLOG] :  LUPIN
[MYLOG] :  HINDALCO
[MYLOG] :  &amp#27;[31m************************[   MOST ACTIVE FUTURE CONTRACTS   ]*********************&amp#27;[0m
  ✔ When Click On Most Active Futures Contract Data # stepDefinitions.ActiveFutureContractStepDefinition.click_on_most_active_futures_contract_data()
]]></system-out>
  </testcase>
  <testcase name="runScenario[&quot;Extracting data from Nse of Rise In OI Rise In Price&quot;, &quot;Validation For Bullish Stocks Rise In OI Rise In Price Data in NSE&quot;](3)" classname="testRunner.TestRunner" time="12.308">
    <system-out><![CDATA[
Scenario: Extracting data from Nse of Rise In OI Rise In Price   # file:///C:/Users/prave.PRAVEENREDDY.000/eclipse-workspace/TradingStocks/src/test/java/Features/Bullish.feature:2
  ✔ Given Enter The Application Url for Rise In OI Rise In Price # stepDefinitions.BullishStocksTradStepDefinition.enter_the_application_url_for_rise_in_oi_rise_in_price()
[MYLOG] :  &amp#27;[31m********************[  RISE In OI ad RISE In PRICE (BULLISH) ]*****************&amp#27;[0m
[MYLOG] :  INFY
[MYLOG] :  MARUTI
[MYLOG] :  &amp#27;[31m********************[   RISE In OI ad RISE In PRICE (BULLISH) ]*****************&amp#27;[0m
  ✔ When Click On Rise In OI Rise In Price for Stocks Data       # stepDefinitions.BullishStocksTradStepDefinition.click_on_rise_in_oi_rise_in_price_for_stocks_data()
]]></system-out>
  </testcase>
  <testcase name="runScenario[&quot;Extracting Short Covering Stocks Data from Nse&quot;, &quot;Validation For Short Covering Data Slide In Oi Rise Price From NSE&quot;](4)" classname="testRunner.TestRunner" time="11.568">
    <system-out><![CDATA[
Scenario: Extracting Short Covering Stocks Data from Nse      # file:///C:/Users/prave.PRAVEENREDDY.000/eclipse-workspace/TradingStocks/src/test/java/Features/ShortCovering.feature:2
  ✔ Given Enter The Application Url for Short Covering Stocks # stepDefinitions.ShortCoveringStocksTradStepDefinitions.enter_the_application_url_for_short_covering_stocks()
[MYLOG] :  &amp#27;[31m********************[  SLIDE In OI RISE In PRICE  (BULLISH) ]*****************&amp#27;[0m
[MYLOG] :  MAZDOCK
[MYLOG] :  HAL
[MYLOG] :  GAIL
[MYLOG] :  RELIANCE
[MYLOG] :  OFSS
[MYLOG] :  BDL
[MYLOG] :  LT
[MYLOG] :  AMBUJACEM
[MYLOG] :  TATAMOTORS
[MYLOG] :  IDEA
[MYLOG] :  &amp#27;[31m********************[  SLIDE In OI RISE In PRICE  (BULLISH) ]*****************&amp#27;[0m
  ✔ When Click On Slide In Oi Rise Price Stocks Calls Data    # stepDefinitions.ShortCoveringStocksTradStepDefinitions.click_on_slide_in_oi_rise_price_stocks_calls_data()
]]></system-out>
  </testcase>
  <testcase name="runScenario[&quot;Extracting Most Active Stocks Calls Data from Nse&quot;, &quot;Validation For Most Active Stocks calls Data From NSE&quot;](5)" classname="testRunner.TestRunner" time="11.533">
    <system-out><![CDATA[
Scenario: Extracting Most Active Stocks Calls Data from Nse # file:///C:/Users/prave.PRAVEENREDDY.000/eclipse-workspace/TradingStocks/src/test/java/Features/StocksCalls.feature:2
  ✔ Given Enter The Application Url for Most Active Stocks  # stepDefinitions.StocksCallStepDefiniton.enter_the_application_url_for_most_active_stocks()
[MYLOG] :  &amp#27;[31m************************[  MOST ACTIVE STOCKS CALLS   ]*********************&amp#27;[0m
[MYLOG] :  INFY
[MYLOG] :  TATAMOTORS
[MYLOG] :  MARUTI
[MYLOG] :  MAZDOCK
[MYLOG] :  HAL
[MYLOG] :  AXISBANK
[MYLOG] :  RELIANCE
[MYLOG] :  M&M
[MYLOG] :  EICHERMOT
[MYLOG] :  &amp#27;[31m************************[  MOST ACTIVE STOCKS CALLS   ]*********************&amp#27;[0m
  ✔ When Click On Most Active Stocks Calls Data             # stepDefinitions.StocksCallStepDefiniton.click_on_most_active_stocks_calls_data()
]]></system-out>
  </testcase>
  <testcase name="runScenario[&quot;Extracting Most Active Stocks Put from Nse&quot;, &quot;Validation For Most Active Stocks Puts Data From NSE&quot;](6)" classname="testRunner.TestRunner" time="0.0">
    <skipped message="Expected condition failed: waiting for visibility of all elements located by By.xpath: //table[@id=&apos;MACEquityTable&apos;]//tbody//tr//td[text()=&apos;Stock Options&apos;]//parent::tr | //table[@id=&apos;MACEquityTable&apos;]//tbody//tr//td[text()=&apos;Stock Futures&apos;]//parent::tr (tried for 10 second(s) with 500 milliseconds interval)&#10;Build info: version: &apos;4.32.0&apos;, revision: &apos;d17c8aa950&apos;&#10;System info: os.name: &apos;Windows 11&apos;, os.arch: &apos;amd64&apos;, os.version: &apos;10.0&apos;, java.version: &apos;24.0.1&apos;&#10;Driver info: org.openqa.selenium.firefox.FirefoxDriver&#10;Capabilities {acceptInsecureCerts: true, browserName: firefox, browserVersion: 142.0.1, moz:accessibilityChecks: false, moz:buildID: 20250827004350, moz:geckodriverVersion: 0.36.0, moz:headless: true, moz:platformVersion: 10.0, moz:processID: 13216, moz:profile: C:\Users\PRAVEP~1.000\AppDa..., moz:shutdownTimeout: 60000, moz:webdriverClick: true, moz:windowless: false, pageLoadStrategy: normal, platformName: windows, proxy: Proxy(), setWindowRect: true, strictFileInteractability: false, timeouts: {implicit: 0, pageLoad: 300000, script: 30000}, unhandledPromptBehavior: dismiss and notify, userAgent: Mozilla/5.0 (Windows NT 10....}&#10;Session ID: 5616955c-8284-406e-996f-5d2915519019"/>
    <system-out><![CDATA[
Scenario: Extracting Most Active Stocks Put from Nse            # file:///C:/Users/prave.PRAVEENREDDY.000/eclipse-workspace/TradingStocks/src/test/java/Features/StocksPuts.feature:2
  ✔ Given Enter The Application Url for Most Active Stocks Puts # stepDefinitions.StocksPutsDataStepDefinition.enter_the_application_url_for_most_active_stocks_puts()
[MYLOG] :  &amp#27;[31m******************[  MOST ACTIVE STOCKS PUTS  ]********************&amp#27;[0m
  ✘ When Click On Most Active Stocks Puts Data                  # stepDefinitions.StocksPutsDataStepDefinition.click_on_most_active_stocks_puts_data()
        org.openqa.selenium.TimeoutException: Expected condition failed: waiting for visibility of all elements located by By.xpath: //table[@id='MACEquityTable']//tbody//tr//td[text()='Stock Options']//parent::tr | //table[@id='MACEquityTable']//tbody//tr//td[text()='Stock Futures']//parent::tr (tried for 10 second(s) with 500 milliseconds interval)
        Build info: version: '4.32.0', revision: 'd17c8aa950'
        System info: os.name: 'Windows 11', os.arch: 'amd64', os.version: '10.0', java.version: '24.0.1'
        Driver info: org.openqa.selenium.firefox.FirefoxDriver
        Capabilities {acceptInsecureCerts: true, browserName: firefox, browserVersion: 142.0.1, moz:accessibilityChecks: false, moz:buildID: 20250827004350, moz:geckodriverVersion: 0.36.0, moz:headless: true, moz:platformVersion: 10.0, moz:processID: 13216, moz:profile: C:\Users\PRAVEP~1.000\AppDa..., moz:shutdownTimeout: 60000, moz:webdriverClick: true, moz:windowless: false, pageLoadStrategy: normal, platformName: windows, proxy: Proxy(), setWindowRect: true, strictFileInteractability: false, timeouts: {implicit: 0, pageLoad: 300000, script: 30000}, unhandledPromptBehavior: dismiss and notify, userAgent: Mozilla/5.0 (Windows NT 10....}
        Session ID: 5616955c-8284-406e-996f-5d2915519019
        	at org.openqa.selenium.support.ui.WebDriverWait.timeoutException(WebDriverWait.java:84)
        	at org.openqa.selenium.support.ui.FluentWait.until(FluentWait.java:228)
        	at pageObjects.StocksPuts.mostActiveStocksPutData(StocksPuts.java:44)
        	at stepDefinitions.StocksPutsDataStepDefinition.click_on_most_active_stocks_puts_data(StocksPutsDataStepDefinition.java:19)
        	at ✽.Click On Most Active Stocks Puts Data(file:///C:/Users/prave.PRAVEENREDDY.000/eclipse-workspace/TradingStocks/src/test/java/Features/StocksPuts.feature:4)
Retrying test runScenario for the 1 time(s).
]]></system-out>
  </testcase>
  <testcase name="runScenario[&quot;Extracting Most Active Stocks Put from Nse&quot;, &quot;Validation For Most Active Stocks Puts Data From NSE&quot;](7)" classname="testRunner.TestRunner" time="12.576">
    <system-out><![CDATA[
Scenario: Extracting Most Active Stocks Put from Nse            # file:///C:/Users/prave.PRAVEENREDDY.000/eclipse-workspace/TradingStocks/src/test/java/Features/StocksPuts.feature:2
  ✔ Given Enter The Application Url for Most Active Stocks Puts # stepDefinitions.StocksPutsDataStepDefinition.enter_the_application_url_for_most_active_stocks_puts()
[MYLOG] :  &amp#27;[31m******************[  MOST ACTIVE STOCKS PUTS  ]********************&amp#27;[0m
[MYLOG] :  INFY
[MYLOG] :  MARUTI
[MYLOG] :  BSE
[MYLOG] :  M&M
[MYLOG] :  AXISBANK
[MYLOG] :  MAZDOCK
[MYLOG] :  TATAMOTORS
[MYLOG] :  HAL
[MYLOG] :  RELIANCE
[MYLOG] :  &amp#27;[31m******************[  MOST ACTIVE STOCKS PUTS  ]********************&amp#27;[0m
  ✔ When Click On Most Active Stocks Puts Data                  # stepDefinitions.StocksPutsDataStepDefinition.click_on_most_active_stocks_puts_data()
]]></system-out>
  </testcase>
  <testcase name="runScenario[&quot;Extracting data from chartlink&quot;, &quot;Validation For Most Active Futures Contracts Data in chartlink&quot;](8)" classname="testRunner.TestRunner" time="20.485">
    <system-out><![CDATA[
Scenario: Extracting data from chartlink                # file:///C:/Users/prave.PRAVEENREDDY.000/eclipse-workspace/TradingStocks/src/test/java/Features/chartlink.feature:2
  ✔ Given Enter The Application Url of chartlink        # stepDefinitions.chartlinkStepDefinition.enter_the_application_url_of_chartlink()
[MYLOG] :  ****************** CHARTLINK MOMENTUM STOCKS ************************** 
[MYLOG] :  MAZDOCK
[MYLOG] :  3.67%
[MYLOG] :  BDL
[MYLOG] :  2.99%
[MYLOG] :  NUVAMA
[MYLOG] :  2.91%
[MYLOG] :  BSE
[MYLOG] :  2.69%
[MYLOG] :  LUPIN
[MYLOG] :  2.46%
[MYLOG] :  HAL
[MYLOG] :  2.29%
[MYLOG] :  MCX
[MYLOG] :  2.12%
[MYLOG] :  EICHERMOT
[MYLOG] :  1.64%
[MYLOG] :  ASTRAL
[MYLOG] :  1.55%
[MYLOG] :  MARUTI
[MYLOG] :  1.53%
[MYLOG] :  INDIGO
[MYLOG] :  1.47%
[MYLOG] :  SUPREMEIND
[MYLOG] :  1.46%
[MYLOG] :  LAURUSLABS
[MYLOG] :  1.46%
[MYLOG] :  KAYNES
[MYLOG] :  1.38%
[MYLOG] :  SHRIRAMFIN
[MYLOG] :  1.36%
[MYLOG] :  PNBHOUSING
[MYLOG] :  1.35%
[MYLOG] :  INFY
[MYLOG] :  1.33%
[MYLOG] :  CDSL
[MYLOG] :  1.28%
[MYLOG] :  BAJFINANCE
[MYLOG] :  1.24%
[MYLOG] :  CHOLAFIN
[MYLOG] :  1.2%
[MYLOG] :  ****************** CHARTLINK MOMENTUM STOCKS ************************** 
  ✔ When Click On Most Active Futures Data in chartlink # stepDefinitions.chartlinkStepDefinition.click_on_most_active_futures_data_in_chartlink()
]]></system-out>
    <system-err><![CDATA[Sept 12, 2025 10:37:56 AM org.openqa.selenium.devtools.CdpVersionFinder findNearestMatch
WARNING: Unable to find an exact match for CDP version 140, returning the closest version; found: 136; Please update to a Selenium version that supports CDP version 140
Sept 12, 2025 10:38:12 AM org.openqa.selenium.remote.http.WebSocket$Listener onError
WARNING: Connection reset
java.net.SocketException: Connection reset
	at java.base/sun.nio.ch.SocketChannelImpl.throwConnectionReset(SocketChannelImpl.java:399)
	at java.base/sun.nio.ch.SocketChannelImpl.implRead(SocketChannelImpl.java:431)
	at java.base/sun.nio.ch.SocketChannelImpl.read(SocketChannelImpl.java:489)
	at java.net.http/jdk.internal.net.http.SocketTube.readAvailable(SocketTube.java:1216)
	at java.net.http/jdk.internal.net.http.SocketTube$InternalReadPublisher$InternalReadSubscription.read(SocketTube.java:872)
	at java.net.http/jdk.internal.net.http.SocketTube$SocketFlowTask.run(SocketTube.java:182)
	at java.net.http/jdk.internal.net.http.common.SequentialScheduler$SchedulableTask.run(SequentialScheduler.java:207)
	at java.net.http/jdk.internal.net.http.common.SequentialScheduler.runOrSchedule(SequentialScheduler.java:280)
	at java.net.http/jdk.internal.net.http.common.SequentialScheduler.runOrSchedule(SequentialScheduler.java:233)
	at java.net.http/jdk.internal.net.http.SocketTube$InternalReadPublisher$InternalReadSubscription.signalReadable(SocketTube.java:813)
	at java.net.http/jdk.internal.net.http.SocketTube$InternalReadPublisher$ReadEvent.signalEvent(SocketTube.java:1003)
	at java.net.http/jdk.internal.net.http.SocketTube$SocketFlowEvent.handle(SocketTube.java:254)
	at java.net.http/jdk.internal.net.http.HttpClientImpl$SelectorManager.handleEvent(HttpClientImpl.java:1439)
	at java.net.http/jdk.internal.net.http.HttpClientImpl$SelectorManager.lambda$run$3(HttpClientImpl.java:1384)
	at java.base/java.util.ArrayList.forEach(ArrayList.java:1604)
	at java.net.http/jdk.internal.net.http.HttpClientImpl$SelectorManager.run(HttpClientImpl.java:1384)

]]></system-err>
  </testcase>
</testsuite>